Using pre-set license
Built from '2022.2/staging' branch; Version is '2022.2.15f1 (30d813e1a2a9) revision 3201043'; Using compiler version '192829333'; Build Type 'Release'
OS: 'Windows 11  (10.0.22621) 64bit ProfessionalEducation' Language: 'pt' Physical Memory: 15741 MB
BatchMode: 1, IsHumanControllingUs: 0, StartBugReporterOnCrash: 0, Is64bit: 1, IsPro: 1

COMMAND LINE ARGUMENTS:
C:\Program Files\Unity\Hub\Editor\2022.2.15f1\Editor\Unity.exe
-adb2
-batchMode
-noUpm
-name
AssetImportWorker4
-projectPath
C:/Users/3jd/Desktop/atv3bim
-logFile
Logs/AssetImportWorker4.log
-srvPort
52527
Successfully changed project path to: C:/Users/3jd/Desktop/atv3bim
C:/Users/3jd/Desktop/atv3bim
[UnityMemory] Configuration Parameters - Can be set up in boot.config
    "memorysetup-bucket-allocator-granularity=16"
    "memorysetup-bucket-allocator-bucket-count=8"
    "memorysetup-bucket-allocator-block-size=33554432"
    "memorysetup-bucket-allocator-block-count=8"
    "memorysetup-main-allocator-block-size=16777216"
    "memorysetup-thread-allocator-block-size=16777216"
    "memorysetup-gfx-main-allocator-block-size=16777216"
    "memorysetup-gfx-thread-allocator-block-size=16777216"
    "memorysetup-cache-allocator-block-size=4194304"
    "memorysetup-typetree-allocator-block-size=2097152"
    "memorysetup-profiler-bucket-allocator-granularity=16"
    "memorysetup-profiler-bucket-allocator-bucket-count=8"
    "memorysetup-profiler-bucket-allocator-block-size=33554432"
    "memorysetup-profiler-bucket-allocator-block-count=8"
    "memorysetup-profiler-allocator-block-size=16777216"
    "memorysetup-profiler-editor-allocator-block-size=1048576"
    "memorysetup-temp-allocator-size-main=16777216"
    "memorysetup-job-temp-allocator-block-size=2097152"
    "memorysetup-job-temp-allocator-block-size-background=1048576"
    "memorysetup-job-temp-allocator-reduction-small-platforms=262144"
    "memorysetup-temp-allocator-size-background-worker=32768"
    "memorysetup-temp-allocator-size-job-worker=262144"
    "memorysetup-temp-allocator-size-preload-manager=33554432"
    "memorysetup-temp-allocator-size-nav-mesh-worker=65536"
    "memorysetup-temp-allocator-size-audio-worker=65536"
    "memorysetup-temp-allocator-size-cloud-worker=32768"
    "memorysetup-temp-allocator-size-gi-baking-worker=262144"
    "memorysetup-temp-allocator-size-gfx=262144"
Player connection [5836] Host "[IP] 192.168.1.155 [Port] 0 [Flags] 2 [Guid] 2275906306 [EditorId] 2275906306 [Version] 1048832 [Id] WindowsEditor(7,LAB3-30) [Debug] 1 [PackageName] WindowsEditor [ProjectName] Editor" joined multi-casting on [225.0.0.222:54997]...

Player connection [5836] Host "[IP] 192.168.1.155 [Port] 0 [Flags] 2 [Guid] 2275906306 [EditorId] 2275906306 [Version] 1048832 [Id] WindowsEditor(7,LAB3-30) [Debug] 1 [PackageName] WindowsEditor [ProjectName] Editor" joined alternative multi-casting on [225.0.0.222:34997]...

Refreshing native plugins compatible for Editor in 5.95 ms, found 3 plugins.
Preloading 0 native plugins for Editor in 0.00 ms.
Initialize engine version: 2022.2.15f1 (30d813e1a2a9)
[Subsystems] Discovering subsystems at path C:/Program Files/Unity/Hub/Editor/2022.2.15f1/Editor/Data/Resources/UnitySubsystems
[Subsystems] Discovering subsystems at path C:/Users/3jd/Desktop/atv3bim/Assets
GfxDevice: creating device client; threaded=0; jobified=0
Direct3D:
    Version:  Direct3D 11.0 [level 11.1]
    Renderer: AMD Radeon(TM) Graphics (ID=0x1636)
    Vendor:   ATI
    VRAM:     7870 MB
    Driver:   30.0.14030.1004
Initialize mono
Mono path[0] = 'C:/Program Files/Unity/Hub/Editor/2022.2.15f1/Editor/Data/Managed'
Mono path[1] = 'C:/Program Files/Unity/Hub/Editor/2022.2.15f1/Editor/Data/MonoBleedingEdge/lib/mono/unityjit-win32'
Mono config path = 'C:/Program Files/Unity/Hub/Editor/2022.2.15f1/Editor/Data/MonoBleedingEdge/etc'
Using monoOptions --debugger-agent=transport=dt_socket,embedding=1,server=y,suspend=n,address=127.0.0.1:56344
Begin MonoManager ReloadAssembly
Registering precompiled unity dll's ...
Register platform support module: C:/Program Files/Unity/Hub/Editor/2022.2.15f1/Editor/Data/PlaybackEngines/WindowsStandaloneSupport/UnityEditor.WindowsStandalone.Extensions.dll
Registered in 0.006786 seconds.
- Loaded All Assemblies, in  0.367 seconds
Native extension for WindowsStandalone target not found
Mono: successfully reloaded assembly
- Finished resetting the current domain, in  0.262 seconds
Domain Reload Profiling:
	ReloadAssembly (235ms)
		BeginReloadAssembly (110ms)
			ExecutionOrderSort (0ms)
			DisableScriptedObjects (0ms)
			BackupInstance (0ms)
			ReleaseScriptingObjects (0ms)
			CreateAndSetChildDomain (1ms)
		LoadAllAssembliesAndSetupDomain (0ms)
			LoadAssemblies (108ms)
			RebuildTransferFunctionScriptingTraits (0ms)
			SetupTypeCache (126ms)
				TypeCache.Initialize (125ms)
					TypeCache.ScanAssembly (123ms)
				ResolveRequiredComponents (0ms)
		FinalizeReload (0ms)
			ReleaseScriptCaches (0ms)
			RebuildScriptCaches (0ms)
			SetupLoadedEditorAssemblies (200ms)
				LogAssemblyErrors (0ms)
				InitializePlatformSupportModulesInManaged (8ms)
				SetLoadedEditorAssemblies (8ms)
				RefreshPlugins (0ms)
				BeforeProcessingInitializeOnLoad (1ms)
				ProcessInitializeOnLoadAttributes (136ms)
				ProcessInitializeOnLoadMethodAttributes (48ms)
				AfterProcessingInitializeOnLoad (0ms)
				EditorAssembliesLoaded (0ms)
			ExecutionOrderSort2 (0ms)
			AwakeInstancesAfterBackupRestoration (0ms)
========================================================================
Worker process is ready to serve import requests
Begin MonoManager ReloadAssembly
Symbol file LoadedFromMemory doesn't match image C:\Users\3jd\Desktop\atv3bim\Library\PackageCache\com.unity.visualscripting@1.8.0\Editor\VisualScripting.Core\Dependencies\YamlDotNet\Unity.VisualScripting.YamlDotNet.dll
Symbol file LoadedFromMemory doesn't match image C:\Users\3jd\Desktop\atv3bim\Library\PackageCache\com.unity.visualscripting@1.8.0\Editor\VisualScripting.Core\Dependencies\DotNetZip\Unity.VisualScripting.IonicZip.dll
- Loaded All Assemblies, in  0.610 seconds
Refreshing native plugins compatible for Editor in 1.99 ms, found 3 plugins.
Native extension for WindowsStandalone target not found
Mono: successfully reloaded assembly
- Finished resetting the current domain, in  0.424 seconds
Domain Reload Profiling:
	ReloadAssembly (186ms)
		BeginReloadAssembly (109ms)
			ExecutionOrderSort (0ms)
			DisableScriptedObjects (5ms)
			BackupInstance (0ms)
			ReleaseScriptingObjects (0ms)
			CreateAndSetChildDomain (20ms)
		LoadAllAssembliesAndSetupDomain (422ms)
			LoadAssemblies (205ms)
			RebuildTransferFunctionScriptingTraits (0ms)
			SetupTypeCache (264ms)
				TypeCache.Initialize (248ms)
					TypeCache.ScanAssembly (244ms)
				ResolveRequiredComponents (3ms)
		FinalizeReload (0ms)
			ReleaseScriptCaches (0ms)
			RebuildScriptCaches (0ms)
			SetupLoadedEditorAssemblies (297ms)
				LogAssemblyErrors (0ms)
				InitializePlatformSupportModulesInManaged (5ms)
				SetLoadedEditorAssemblies (3ms)
				RefreshPlugins (0ms)
				BeforeProcessingInitializeOnLoad (51ms)
				ProcessInitializeOnLoadAttributes (217ms)
				ProcessInitializeOnLoadMethodAttributes (17ms)
				AfterProcessingInitializeOnLoad (4ms)
				EditorAssembliesLoaded (0ms)
			ExecutionOrderSort2 (0ms)
			AwakeInstancesAfterBackupRestoration (5ms)
Launched and connected shader compiler UnityShaderCompiler.exe after 0.04 seconds
Refreshing native plugins compatible for Editor in 1.92 ms, found 3 plugins.
Preloading 0 native plugins for Editor in 0.00 ms.
Unloading 3104 Unused Serialized files (Serialized files now loaded: 0)
Unloading 31 unused Assets / (66.5 KB). Loaded Objects now: 3572.
Memory consumption went from 110.5 MB to 110.4 MB.
Total: 3.055200 ms (FindLiveObjects: 0.321300 ms CreateObjectMapping: 0.113100 ms MarkObjects: 2.505600 ms  DeleteObjects: 0.113700 ms)

AssetImportParameters requested are different than current active one (requested -> active):
  custom:container-demuxer-ogg: 62fdf1f143b41e24485cea50d1cbac27 -> 
  custom:video-decoder-ogg-theora: a1e56fd34408186e4bbccfd4996cb3dc -> 
  custom:framework-win-MediaFoundation: 216162199b28c13a410421893ffa2e32 -> 
  custom:container-demuxer-webm: 4f35f7cbe854078d1ac9338744f61a02 -> 
  custom:container-muxer-webm: aa71ff27fc2769a1b78a27578f13a17b -> 
  custom:video-decoder-webm-vp8: 9c59270c3fd7afecdb556c50c9e8de78 -> 
  custom:AudioImporter_EditorPlatform: d09bf68614088b80899f8185d706f6e7 -> 
  custom:video-encoder-webm-vp8: eb34c28f22e8b96e1ab97ce403110664 -> 
  custom:audio-decoder-ogg-vorbis: bf7c407c2cedff20999df2af8eb42d56 -> 
  custom:audio-encoder-webm-vorbis: bf7c407c2cedff20999df2af8eb42d56 -> 
========================================================================
Received Import Request.
  Time since last request: 12258.493118 seconds.
  path: Assets/furniture/demo/stud.exr
  artifactKey: Guid(45fe78555dab35949869ede4e43516f9) Importer(815301076,1909f56bfc062723c751e8b465ee728b)
Start importing Assets/furniture/demo/stud.exr using Guid(45fe78555dab35949869ede4e43516f9) Importer(815301076,1909f56bfc062723c751e8b465ee728b)  -> (artifact id: '086f9478550ed1e05872fbaffc985492') in 0.101626 seconds
Number of updated asset objects reloaded before import = 0
Number of asset objects unloaded after import = 1
========================================================================
Received Import Request.
  Time since last request: 9.417094 seconds.
  path: Assets/furniture/textures/armchair_1_mid_a.png
  artifactKey: Guid(0b8b5cf0eb9d07e4599df6c23eae7ed8) Importer(815301076,1909f56bfc062723c751e8b465ee728b)
Start importing Assets/furniture/textures/armchair_1_mid_a.png using Guid(0b8b5cf0eb9d07e4599df6c23eae7ed8) Importer(815301076,1909f56bfc062723c751e8b465ee728b)  -> (artifact id: '499216d6354187d51c55a04f19cf26c7') in 0.030106 seconds
Number of updated asset objects reloaded before import = 0
Number of asset objects unloaded after import = 2
========================================================================
Received Import Request.
  Time since last request: 0.000020 seconds.
  path: Assets/furniture/textures/sofa_1_new_n.png
  artifactKey: Guid(ae91f989eeaa1034e811409bc3961202) Importer(815301076,1909f56bfc062723c751e8b465ee728b)
Start importing Assets/furniture/textures/sofa_1_new_n.png using Guid(ae91f989eeaa1034e811409bc3961202) Importer(815301076,1909f56bfc062723c751e8b465ee728b)  -> (artifact id: '04861ef983a0f384b619c37231b6c15d') in 0.029679 seconds
Number of updated asset objects reloaded before import = 0
Number of asset objects unloaded after import = 2
========================================================================
Received Import Request.
  Time since last request: 0.000024 seconds.
  path: Assets/furniture/textures/armchair_1_old_a.png
  artifactKey: Guid(aa623f74daa5006469e29c770541c2f1) Importer(815301076,1909f56bfc062723c751e8b465ee728b)
Start importing Assets/furniture/textures/armchair_1_old_a.png using Guid(aa623f74daa5006469e29c770541c2f1) Importer(815301076,1909f56bfc062723c751e8b465ee728b)  -> (artifact id: 'deaa0e59abe394d5fc8c89cbad09c85b') in 0.021043 seconds
Number of updated asset objects reloaded before import = 0
Number of asset objects unloaded after import = 2
========================================================================
Received Import Request.
  Time since last request: 0.000025 seconds.
  path: Assets/furniture/textures/sofa_1_mid_a.png
  artifactKey: Guid(969b88122fe464b46a10285085abc620) Importer(815301076,1909f56bfc062723c751e8b465ee728b)
Start importing Assets/furniture/textures/sofa_1_mid_a.png using Guid(969b88122fe464b46a10285085abc620) Importer(815301076,1909f56bfc062723c751e8b465ee728b)  -> (artifact id: 'a055cf01c067c67a43c23cf7f0ddfc0a') in 0.021426 seconds
Number of updated asset objects reloaded before import = 0
Number of asset objects unloaded after import = 2
========================================================================
Received Import Request.
  Time since last request: 0.000037 seconds.
  path: Assets/furniture/textures/sofa_1_old_a.png
  artifactKey: Guid(a7a3bec318c38ed48b419fde5a66f330) Importer(815301076,1909f56bfc062723c751e8b465ee728b)
Start importing Assets/furniture/textures/sofa_1_old_a.png using Guid(a7a3bec318c38ed48b419fde5a66f330) Importer(815301076,1909f56bfc062723c751e8b465ee728b)  -> (artifact id: 'fe431f18a96fbaf87031c6db87ce950c') in 0.019929 seconds
Number of updated asset objects reloaded before import = 0
Number of asset objects unloaded after import = 2
========================================================================
Received Import Request.
  Time since last request: 0.000021 seconds.
  path: Assets/furniture/textures/sofa_1_old_m.png
  artifactKey: Guid(17596163a9bdec04e8a056326265b312) Importer(815301076,1909f56bfc062723c751e8b465ee728b)
Start importing Assets/furniture/textures/sofa_1_old_m.png using Guid(17596163a9bdec04e8a056326265b312) Importer(815301076,1909f56bfc062723c751e8b465ee728b)  -> (artifact id: '0f19088260ad422ad6409d9f34f03681') in 0.024537 seconds
Number of updated asset objects reloaded before import = 0
Number of asset objects unloaded after import = 2
========================================================================
Received Import Request.
  Time since last request: 0.000017 seconds.
  path: Assets/furniture/textures/sofa_1_new_a.png
  artifactKey: Guid(a0dd50c9d2c5855469f863da9cc17a73) Importer(815301076,1909f56bfc062723c751e8b465ee728b)
Start importing Assets/furniture/textures/sofa_1_new_a.png using Guid(a0dd50c9d2c5855469f863da9cc17a73) Importer(815301076,1909f56bfc062723c751e8b465ee728b)  -> (artifact id: 'a316981101c35813cab6469d13ab9885') in 0.022180 seconds
Number of updated asset objects reloaded before import = 0
Number of asset objects unloaded after import = 2
========================================================================
Received Import Request.
  Time since last request: 0.000028 seconds.
  path: Assets/furniture/textures/armchair_1_new_m.png
  artifactKey: Guid(eaadb03bdaa5ab4429b1fbc78fcfee14) Importer(815301076,1909f56bfc062723c751e8b465ee728b)
Start importing Assets/furniture/textures/armchair_1_new_m.png using Guid(eaadb03bdaa5ab4429b1fbc78fcfee14) Importer(815301076,1909f56bfc062723c751e8b465ee728b)  -> (artifact id: '251a92cab273ecf585d32ca2831b53e7') in 0.009962 seconds
Number of updated asset objects reloaded before import = 0
Number of asset objects unloaded after import = 2
