Using pre-set license
Built from '2022.2/staging' branch; Version is '2022.2.15f1 (30d813e1a2a9) revision 3201043'; Using compiler version '192829333'; Build Type 'Release'
OS: 'Windows 11  (10.0.22621) 64bit ProfessionalEducation' Language: 'pt' Physical Memory: 15741 MB
BatchMode: 1, IsHumanControllingUs: 0, StartBugReporterOnCrash: 0, Is64bit: 1, IsPro: 1

COMMAND LINE ARGUMENTS:
C:\Program Files\Unity\Hub\Editor\2022.2.15f1\Editor\Unity.exe
-adb2
-batchMode
-noUpm
-name
AssetImportWorker1
-projectPath
C:/Users/3jd/Desktop/Carlos & Pedro/atv.3bim
-logFile
Logs/AssetImportWorker1.log
-srvPort
50056
Successfully changed project path to: C:/Users/3jd/Desktop/Carlos & Pedro/atv.3bim
C:/Users/3jd/Desktop/Carlos & Pedro/atv.3bim
[UnityMemory] Configuration Parameters - Can be set up in boot.config
    "memorysetup-bucket-allocator-granularity=16"
    "memorysetup-bucket-allocator-bucket-count=8"
    "memorysetup-bucket-allocator-block-size=33554432"
    "memorysetup-bucket-allocator-block-count=8"
    "memorysetup-main-allocator-block-size=16777216"
    "memorysetup-thread-allocator-block-size=16777216"
    "memorysetup-gfx-main-allocator-block-size=16777216"
    "memorysetup-gfx-thread-allocator-block-size=16777216"
    "memorysetup-cache-allocator-block-size=4194304"
    "memorysetup-typetree-allocator-block-size=2097152"
    "memorysetup-profiler-bucket-allocator-granularity=16"
    "memorysetup-profiler-bucket-allocator-bucket-count=8"
    "memorysetup-profiler-bucket-allocator-block-size=33554432"
    "memorysetup-profiler-bucket-allocator-block-count=8"
    "memorysetup-profiler-allocator-block-size=16777216"
    "memorysetup-profiler-editor-allocator-block-size=1048576"
    "memorysetup-temp-allocator-size-main=16777216"
    "memorysetup-job-temp-allocator-block-size=2097152"
    "memorysetup-job-temp-allocator-block-size-background=1048576"
    "memorysetup-job-temp-allocator-reduction-small-platforms=262144"
    "memorysetup-temp-allocator-size-background-worker=32768"
    "memorysetup-temp-allocator-size-job-worker=262144"
    "memorysetup-temp-allocator-size-preload-manager=33554432"
    "memorysetup-temp-allocator-size-nav-mesh-worker=65536"
    "memorysetup-temp-allocator-size-audio-worker=65536"
    "memorysetup-temp-allocator-size-cloud-worker=32768"
    "memorysetup-temp-allocator-size-gi-baking-worker=262144"
    "memorysetup-temp-allocator-size-gfx=262144"
Player connection [14136] Host "[IP] 192.168.1.189 [Port] 0 [Flags] 2 [Guid] 3151797224 [EditorId] 3151797224 [Version] 1048832 [Id] WindowsEditor(7,LAB3-30) [Debug] 1 [PackageName] WindowsEditor [ProjectName] Editor" joined multi-casting on [225.0.0.222:54997]...

Player connection [14136] Host "[IP] 192.168.1.189 [Port] 0 [Flags] 2 [Guid] 3151797224 [EditorId] 3151797224 [Version] 1048832 [Id] WindowsEditor(7,LAB3-30) [Debug] 1 [PackageName] WindowsEditor [ProjectName] Editor" joined alternative multi-casting on [225.0.0.222:34997]...

Refreshing native plugins compatible for Editor in 8.11 ms, found 3 plugins.
Preloading 0 native plugins for Editor in 0.00 ms.
Initialize engine version: 2022.2.15f1 (30d813e1a2a9)
[Subsystems] Discovering subsystems at path C:/Program Files/Unity/Hub/Editor/2022.2.15f1/Editor/Data/Resources/UnitySubsystems
[Subsystems] Discovering subsystems at path C:/Users/3jd/Desktop/Carlos & Pedro/atv.3bim/Assets
GfxDevice: creating device client; threaded=0; jobified=0
Direct3D:
    Version:  Direct3D 11.0 [level 11.1]
    Renderer: AMD Radeon(TM) Graphics (ID=0x1636)
    Vendor:   ATI
    VRAM:     7870 MB
    Driver:   30.0.14030.1004
Initialize mono
Mono path[0] = 'C:/Program Files/Unity/Hub/Editor/2022.2.15f1/Editor/Data/Managed'
Mono path[1] = 'C:/Program Files/Unity/Hub/Editor/2022.2.15f1/Editor/Data/MonoBleedingEdge/lib/mono/unityjit-win32'
Mono config path = 'C:/Program Files/Unity/Hub/Editor/2022.2.15f1/Editor/Data/MonoBleedingEdge/etc'
Using monoOptions --debugger-agent=transport=dt_socket,embedding=1,server=y,suspend=n,address=127.0.0.1:56212
Begin MonoManager ReloadAssembly
Registering precompiled unity dll's ...
Register platform support module: C:/Program Files/Unity/Hub/Editor/2022.2.15f1/Editor/Data/PlaybackEngines/WindowsStandaloneSupport/UnityEditor.WindowsStandalone.Extensions.dll
Registered in 0.006023 seconds.
- Loaded All Assemblies, in  0.326 seconds
Native extension for WindowsStandalone target not found
Mono: successfully reloaded assembly
- Finished resetting the current domain, in  0.261 seconds
Domain Reload Profiling:
	ReloadAssembly (194ms)
		BeginReloadAssembly (77ms)
			ExecutionOrderSort (0ms)
			DisableScriptedObjects (0ms)
			BackupInstance (0ms)
			ReleaseScriptingObjects (0ms)
			CreateAndSetChildDomain (1ms)
		LoadAllAssembliesAndSetupDomain (0ms)
			LoadAssemblies (75ms)
			RebuildTransferFunctionScriptingTraits (0ms)
			SetupTypeCache (126ms)
				TypeCache.Initialize (126ms)
					TypeCache.ScanAssembly (124ms)
				ResolveRequiredComponents (0ms)
		FinalizeReload (0ms)
			ReleaseScriptCaches (0ms)
			RebuildScriptCaches (0ms)
			SetupLoadedEditorAssemblies (204ms)
				LogAssemblyErrors (0ms)
				InitializePlatformSupportModulesInManaged (9ms)
				SetLoadedEditorAssemblies (8ms)
				RefreshPlugins (0ms)
				BeforeProcessingInitializeOnLoad (1ms)
				ProcessInitializeOnLoadAttributes (139ms)
				ProcessInitializeOnLoadMethodAttributes (47ms)
				AfterProcessingInitializeOnLoad (0ms)
				EditorAssembliesLoaded (0ms)
			ExecutionOrderSort2 (0ms)
			AwakeInstancesAfterBackupRestoration (0ms)
========================================================================
Worker process is ready to serve import requests
Begin MonoManager ReloadAssembly
Symbol file LoadedFromMemory doesn't match image C:\Users\3jd\Desktop\Carlos & Pedro\atv.3bim\Library\PackageCache\com.unity.visualscripting@1.8.0\Editor\VisualScripting.Core\Dependencies\YamlDotNet\Unity.VisualScripting.YamlDotNet.dll
Symbol file LoadedFromMemory doesn't match image C:\Users\3jd\Desktop\Carlos & Pedro\atv.3bim\Library\PackageCache\com.unity.visualscripting@1.8.0\Editor\VisualScripting.Core\Dependencies\DotNetZip\Unity.VisualScripting.IonicZip.dll
- Loaded All Assemblies, in  0.710 seconds
Refreshing native plugins compatible for Editor in 2.23 ms, found 3 plugins.
Native extension for WindowsStandalone target not found
Mono: successfully reloaded assembly
- Finished resetting the current domain, in  0.508 seconds
Domain Reload Profiling:
	ReloadAssembly (209ms)
		BeginReloadAssembly (120ms)
			ExecutionOrderSort (0ms)
			DisableScriptedObjects (5ms)
			BackupInstance (0ms)
			ReleaseScriptingObjects (0ms)
			CreateAndSetChildDomain (26ms)
		LoadAllAssembliesAndSetupDomain (498ms)
			LoadAssemblies (252ms)
			RebuildTransferFunctionScriptingTraits (0ms)
			SetupTypeCache (297ms)
				TypeCache.Initialize (278ms)
					TypeCache.ScanAssembly (273ms)
				ResolveRequiredComponents (4ms)
		FinalizeReload (0ms)
			ReleaseScriptCaches (0ms)
			RebuildScriptCaches (0ms)
			SetupLoadedEditorAssemblies (363ms)
				LogAssemblyErrors (0ms)
				InitializePlatformSupportModulesInManaged (8ms)
				SetLoadedEditorAssemblies (4ms)
				RefreshPlugins (0ms)
				BeforeProcessingInitializeOnLoad (58ms)
				ProcessInitializeOnLoadAttributes (259ms)
				ProcessInitializeOnLoadMethodAttributes (27ms)
				AfterProcessingInitializeOnLoad (6ms)
				EditorAssembliesLoaded (0ms)
			ExecutionOrderSort2 (0ms)
			AwakeInstancesAfterBackupRestoration (6ms)
Launched and connected shader compiler UnityShaderCompiler.exe after 0.04 seconds
Refreshing native plugins compatible for Editor in 2.44 ms, found 3 plugins.
Preloading 0 native plugins for Editor in 0.00 ms.
Unloading 3103 Unused Serialized files (Serialized files now loaded: 0)
Unloading 31 unused Assets / (66.2 KB). Loaded Objects now: 3567.
Memory consumption went from 108.8 MB to 108.7 MB.
Total: 3.960900 ms (FindLiveObjects: 0.275800 ms CreateObjectMapping: 0.105700 ms MarkObjects: 3.463000 ms  DeleteObjects: 0.115000 ms)

AssetImportParameters requested are different than current active one (requested -> active):
  custom:container-demuxer-ogg: 62fdf1f143b41e24485cea50d1cbac27 -> 
  custom:video-decoder-ogg-theora: a1e56fd34408186e4bbccfd4996cb3dc -> 
  custom:framework-win-MediaFoundation: 216162199b28c13a410421893ffa2e32 -> 
  custom:container-demuxer-webm: 4f35f7cbe854078d1ac9338744f61a02 -> 
  custom:container-muxer-webm: aa71ff27fc2769a1b78a27578f13a17b -> 
  custom:video-decoder-webm-vp8: 9c59270c3fd7afecdb556c50c9e8de78 -> 
  custom:AudioImporter_EditorPlatform: d09bf68614088b80899f8185d706f6e7 -> 
  custom:video-encoder-webm-vp8: eb34c28f22e8b96e1ab97ce403110664 -> 
  custom:audio-decoder-ogg-vorbis: bf7c407c2cedff20999df2af8eb42d56 -> 
  custom:audio-encoder-webm-vorbis: bf7c407c2cedff20999df2af8eb42d56 -> 
========================================================================
Received Import Request.
  Time since last request: 1319.982604 seconds.
  path: Assets/RawWoodenFurnitureFree/Materials/Chair02matV2.mat
  artifactKey: Guid(7e61e129382abbd4a9cac0d7a454017f) Importer(815301076,1909f56bfc062723c751e8b465ee728b)
Start importing Assets/RawWoodenFurnitureFree/Materials/Chair02matV2.mat using Guid(7e61e129382abbd4a9cac0d7a454017f) Importer(815301076,1909f56bfc062723c751e8b465ee728b)  -> (artifact id: '15aec31563f06da6164dc7cb38fd569c') in 0.238370 seconds
Number of updated asset objects reloaded before import = 0
Number of asset objects unloaded after import = 2
========================================================================
Received Import Request.
  Time since last request: 0.000041 seconds.
  path: Assets/RawWoodenFurnitureFree/Materials/BedsV1mat.mat
  artifactKey: Guid(c8c42662026a30544a7c3bb902859d48) Importer(815301076,1909f56bfc062723c751e8b465ee728b)
Start importing Assets/RawWoodenFurnitureFree/Materials/BedsV1mat.mat using Guid(c8c42662026a30544a7c3bb902859d48) Importer(815301076,1909f56bfc062723c751e8b465ee728b)  -> (artifact id: 'ee6bd64b9d90c21c9699d2bac47bf79d') in 0.089399 seconds
Number of updated asset objects reloaded before import = 0
Number of asset objects unloaded after import = 2
========================================================================
Received Import Request.
  Time since last request: 0.000020 seconds.
  path: Assets/RawWoodenFurnitureFree/Materials
  artifactKey: Guid(a1958159be3342048aa82791a7833a96) Importer(815301076,1909f56bfc062723c751e8b465ee728b)
Start importing Assets/RawWoodenFurnitureFree/Materials using Guid(a1958159be3342048aa82791a7833a96) Importer(815301076,1909f56bfc062723c751e8b465ee728b)  -> (artifact id: 'd903436d1c7b65f8bcc468afbc3ae90b') in 0.000780 seconds
Number of updated asset objects reloaded before import = 0
Number of asset objects unloaded after import = 0
========================================================================
Received Import Request.
  Time since last request: 0.000097 seconds.
  path: Assets/RawWoodenFurnitureFree/Materials/planeDemo.mat
  artifactKey: Guid(738e69b7d269e1d4ebb32227acf74f1b) Importer(815301076,1909f56bfc062723c751e8b465ee728b)
Start importing Assets/RawWoodenFurnitureFree/Materials/planeDemo.mat using Guid(738e69b7d269e1d4ebb32227acf74f1b) Importer(815301076,1909f56bfc062723c751e8b465ee728b)  -> (artifact id: '17f50d28afb83572549ed918bee585eb') in 0.018659 seconds
Number of updated asset objects reloaded before import = 0
Number of asset objects unloaded after import = 1
========================================================================
Received Import Request.
  Time since last request: 0.000050 seconds.
  path: Assets/RawWoodenFurnitureFree
  artifactKey: Guid(0b72dd502f40ae04c968875b9ab2732a) Importer(815301076,1909f56bfc062723c751e8b465ee728b)
Start importing Assets/RawWoodenFurnitureFree using Guid(0b72dd502f40ae04c968875b9ab2732a) Importer(815301076,1909f56bfc062723c751e8b465ee728b)  -> (artifact id: '0e56a69ff77819ec0a5aed463fd05efa') in 0.000424 seconds
Number of updated asset objects reloaded before import = 0
Number of asset objects unloaded after import = 0
========================================================================
Received Import Request.
  Time since last request: 5.485006 seconds.
  path: Assets/SpaceZeta_RusticSmallCabinet/Materials/M_Cabinet3.mat
  artifactKey: Guid(51a5c541a106e284b8e3e7b6f01bedb2) Importer(815301076,1909f56bfc062723c751e8b465ee728b)
Start importing Assets/SpaceZeta_RusticSmallCabinet/Materials/M_Cabinet3.mat using Guid(51a5c541a106e284b8e3e7b6f01bedb2) Importer(815301076,1909f56bfc062723c751e8b465ee728b)  -> (artifact id: 'ba343ccd74e1d0d2aab96999f491b27c') in 0.264733 seconds
Number of updated asset objects reloaded before import = 0
Number of asset objects unloaded after import = 4
========================================================================
Received Import Request.
  Time since last request: 0.000032 seconds.
  path: Assets/SpaceZeta_RusticSmallCabinet/Materials/T_Cabinet2_normal.png
  artifactKey: Guid(6d0439f8465cad3449a61f9fc7dba36e) Importer(815301076,1909f56bfc062723c751e8b465ee728b)
Start importing Assets/SpaceZeta_RusticSmallCabinet/Materials/T_Cabinet2_normal.png using Guid(6d0439f8465cad3449a61f9fc7dba36e) Importer(815301076,1909f56bfc062723c751e8b465ee728b)  -> (artifact id: 'eced325ad0001be64ddc810e7f9b8659') in 0.047093 seconds
Number of updated asset objects reloaded before import = 0
Number of asset objects unloaded after import = 2
========================================================================
Received Import Request.
  Time since last request: 0.000042 seconds.
  path: Assets/SpaceZeta_RusticSmallCabinet/Materials/T_Cabinet3_normal.png
  artifactKey: Guid(b5a2f1c41d15fe542876111745b5e323) Importer(815301076,1909f56bfc062723c751e8b465ee728b)
Start importing Assets/SpaceZeta_RusticSmallCabinet/Materials/T_Cabinet3_normal.png using Guid(b5a2f1c41d15fe542876111745b5e323) Importer(815301076,1909f56bfc062723c751e8b465ee728b)  -> (artifact id: 'a0731eb64fd3c43f75726245d13ed913') in 0.011082 seconds
Number of updated asset objects reloaded before import = 0
Number of asset objects unloaded after import = 2
========================================================================
Received Import Request.
  Time since last request: 0.000033 seconds.
  path: Assets/SpaceZeta_RusticSmallCabinet/Materials/T_Cabinet4_roughness.png
  artifactKey: Guid(418593394d96abc4491b3d441958e753) Importer(815301076,1909f56bfc062723c751e8b465ee728b)
Start importing Assets/SpaceZeta_RusticSmallCabinet/Materials/T_Cabinet4_roughness.png using Guid(418593394d96abc4491b3d441958e753) Importer(815301076,1909f56bfc062723c751e8b465ee728b)  -> (artifact id: 'c4ebecc99d33e5cef2e6fd77151d962b') in 0.020702 seconds
Number of updated asset objects reloaded before import = 0
Number of asset objects unloaded after import = 2
========================================================================
Received Import Request.
  Time since last request: 0.000021 seconds.
  path: Assets/SpaceZeta_RusticSmallCabinet/Materials/T_Cabinet2_basecolor.png
  artifactKey: Guid(7a6a5735afab1c64098795a882641b3e) Importer(815301076,1909f56bfc062723c751e8b465ee728b)
Start importing Assets/SpaceZeta_RusticSmallCabinet/Materials/T_Cabinet2_basecolor.png using Guid(7a6a5735afab1c64098795a882641b3e) Importer(815301076,1909f56bfc062723c751e8b465ee728b)  -> (artifact id: 'a1f1ac182ba33f6e027c830f3421f456') in 0.022027 seconds
Number of updated asset objects reloaded before import = 0
Number of asset objects unloaded after import = 2
========================================================================
Received Import Request.
  Time since last request: 0.000025 seconds.
  path: Assets/SpaceZeta_RusticSmallCabinet/Materials/T_Cabinet1_roughness.png
  artifactKey: Guid(5d5f5e2f38fe1714f93cb9c8b32bd98c) Importer(815301076,1909f56bfc062723c751e8b465ee728b)
Start importing Assets/SpaceZeta_RusticSmallCabinet/Materials/T_Cabinet1_roughness.png using Guid(5d5f5e2f38fe1714f93cb9c8b32bd98c) Importer(815301076,1909f56bfc062723c751e8b465ee728b)  -> (artifact id: 'b8fc8b03347217e1549510352889a079') in 0.025873 seconds
Number of updated asset objects reloaded before import = 0
Number of asset objects unloaded after import = 2
========================================================================
Received Import Request.
  Time since last request: 0.000021 seconds.
  path: Assets/SpaceZeta_RusticSmallCabinet/Materials/T_Cabinet3_roughness.png
  artifactKey: Guid(d18bccbd8a84fcf428d38f6265610cab) Importer(815301076,1909f56bfc062723c751e8b465ee728b)
Start importing Assets/SpaceZeta_RusticSmallCabinet/Materials/T_Cabinet3_roughness.png using Guid(d18bccbd8a84fcf428d38f6265610cab) Importer(815301076,1909f56bfc062723c751e8b465ee728b)  -> (artifact id: 'dc86a2fb1d1ced098c1e3dc3343a2580') in 0.022229 seconds
Number of updated asset objects reloaded before import = 0
Number of asset objects unloaded after import = 2
========================================================================
Received Import Request.
  Time since last request: 72.685041 seconds.
  path: Assets/Hand Painted Seamless Wood Texture/Materials/M_Wood2.mat
  artifactKey: Guid(3e3fe7d08624f594bb8e96487091bd1a) Importer(815301076,1909f56bfc062723c751e8b465ee728b)
Start importing Assets/Hand Painted Seamless Wood Texture/Materials/M_Wood2.mat using Guid(3e3fe7d08624f594bb8e96487091bd1a) Importer(815301076,1909f56bfc062723c751e8b465ee728b)  -> (artifact id: 'a2009cc7a48de8b3e1c49f07db0d42df') in 0.093886 seconds
Number of updated asset objects reloaded before import = 0
Number of asset objects unloaded after import = 2
========================================================================
Received Import Request.
  Time since last request: 0.000019 seconds.
  path: Assets/Hand Painted Seamless Wood Texture/Materials/M_Wood3.mat
  artifactKey: Guid(df52f4d0325777d49bbe6e566536e284) Importer(815301076,1909f56bfc062723c751e8b465ee728b)
Start importing Assets/Hand Painted Seamless Wood Texture/Materials/M_Wood3.mat using Guid(df52f4d0325777d49bbe6e566536e284) Importer(815301076,1909f56bfc062723c751e8b465ee728b)  -> (artifact id: '5108367151993834de8530e22189db14') in 0.018900 seconds
Number of updated asset objects reloaded before import = 0
Number of asset objects unloaded after import = 2
========================================================================
Received Import Request.
  Time since last request: 782.387271 seconds.
  path: Assets/RawWoodenFurnitureFree/Prefabs/Cabinet04.prefab
  artifactKey: Guid(d7f16bebf84a8be45a4edf754a799508) Importer(815301076,1909f56bfc062723c751e8b465ee728b)
Start importing Assets/RawWoodenFurnitureFree/Prefabs/Cabinet04.prefab using Guid(d7f16bebf84a8be45a4edf754a799508) Importer(815301076,1909f56bfc062723c751e8b465ee728b)  -> (artifact id: '263c04b0d8c67fd4ea6625e5fcbdab0e') in 0.045476 seconds
Number of updated asset objects reloaded before import = 0
Number of asset objects unloaded after import = 9
========================================================================
Received Import Request.
  Time since last request: 0.000028 seconds.
  path: Assets/RawWoodenFurnitureFree/Prefabs/Table02.prefab
  artifactKey: Guid(5d17cce7704ff0c44985b9f2b7c1f930) Importer(815301076,1909f56bfc062723c751e8b465ee728b)
Start importing Assets/RawWoodenFurnitureFree/Prefabs/Table02.prefab using Guid(5d17cce7704ff0c44985b9f2b7c1f930) Importer(815301076,1909f56bfc062723c751e8b465ee728b)  -> (artifact id: 'fba7d7e3403375502c80524ee8e747a1') in 0.021129 seconds
Number of updated asset objects reloaded before import = 0
Number of asset objects unloaded after import = 9
========================================================================
Received Import Request.
  Time since last request: 0.000019 seconds.
  path: Assets/RawWoodenFurnitureFree/Prefabs/Chair02v2.prefab
  artifactKey: Guid(a4e0ff4643b80d547ba35af8e6089350) Importer(815301076,1909f56bfc062723c751e8b465ee728b)
Start importing Assets/RawWoodenFurnitureFree/Prefabs/Chair02v2.prefab using Guid(a4e0ff4643b80d547ba35af8e6089350) Importer(815301076,1909f56bfc062723c751e8b465ee728b)  -> (artifact id: 'bd8851cf2c920289121f171ad68bb450') in 0.019703 seconds
Number of updated asset objects reloaded before import = 0
Number of asset objects unloaded after import = 9
========================================================================
Received Import Request.
  Time since last request: 0.000036 seconds.
  path: Assets/RawWoodenFurnitureFree/Prefabs/Table01v2.prefab
  artifactKey: Guid(57d3e693aabffc0469483a7ea0e6d1e5) Importer(815301076,1909f56bfc062723c751e8b465ee728b)
Start importing Assets/RawWoodenFurnitureFree/Prefabs/Table01v2.prefab using Guid(57d3e693aabffc0469483a7ea0e6d1e5) Importer(815301076,1909f56bfc062723c751e8b465ee728b)  -> (artifact id: '1ec2418caeed4525b6a484aedbc7b4d2') in 0.023001 seconds
Number of updated asset objects reloaded before import = 0
Number of asset objects unloaded after import = 9
========================================================================
Received Import Request.
  Time since last request: 0.000030 seconds.
  path: Assets/RawWoodenFurnitureFree/Prefabs/Stool01v1.prefab
  artifactKey: Guid(0b4e64b68be2d404f8d503ed5ca46526) Importer(815301076,1909f56bfc062723c751e8b465ee728b)
Start importing Assets/RawWoodenFurnitureFree/Prefabs/Stool01v1.prefab using Guid(0b4e64b68be2d404f8d503ed5ca46526) Importer(815301076,1909f56bfc062723c751e8b465ee728b)  -> (artifact id: '99672d6c9d2cfc0318d375231acaf24e') in 0.019329 seconds
Number of updated asset objects reloaded before import = 0
Number of asset objects unloaded after import = 9
========================================================================
Received Import Request.
  Time since last request: 139.740668 seconds.
  path: Assets/JJ_InteriorDoorPack_V1
  artifactKey: Guid(f29e467dcf52d8a48b5544ee0f31f90b) Importer(815301076,1909f56bfc062723c751e8b465ee728b)
Start importing Assets/JJ_InteriorDoorPack_V1 using Guid(f29e467dcf52d8a48b5544ee0f31f90b) Importer(815301076,1909f56bfc062723c751e8b465ee728b)  -> (artifact id: '018d23ba0d25f9e902b8e4fb006eae3a') in 0.000411 seconds
Number of updated asset objects reloaded before import = 0
Number of asset objects unloaded after import = 0
========================================================================
Received Import Request.
  Time since last request: 2.606784 seconds.
  path: Assets/JJ_InteriorDoorPack_V1/Prefabs
  artifactKey: Guid(e8812961c0bc5ce4b9e238cf56196acf) Importer(815301076,1909f56bfc062723c751e8b465ee728b)
Start importing Assets/JJ_InteriorDoorPack_V1/Prefabs using Guid(e8812961c0bc5ce4b9e238cf56196acf) Importer(815301076,1909f56bfc062723c751e8b465ee728b)  -> (artifact id: '6c2e37fb82843ae3b129c8c96453971b') in 0.000534 seconds
Number of updated asset objects reloaded before import = 0
Number of asset objects unloaded after import = 0
========================================================================
Received Import Request.
  Time since last request: 0.063740 seconds.
  path: Assets/JJ_InteriorDoorPack_V1/Prefabs/jj_door_1_red.prefab
  artifactKey: Guid(a16eae0af83edd24a9e7bdf1d02099e3) Importer(815301076,1909f56bfc062723c751e8b465ee728b)
Start importing Assets/JJ_InteriorDoorPack_V1/Prefabs/jj_door_1_red.prefab using Guid(a16eae0af83edd24a9e7bdf1d02099e3) Importer(815301076,1909f56bfc062723c751e8b465ee728b)  -> (artifact id: 'd9b4c493a554793d32a6e2888f91304d') in 0.297902 seconds
Number of updated asset objects reloaded before import = 0
Number of asset objects unloaded after import = 29
========================================================================
Received Import Request.
  Time since last request: 0.000023 seconds.
  path: Assets/JJ_InteriorDoorPack_V1/Prefabs/jj_door_4_red.prefab
  artifactKey: Guid(633cf74b7a917114ab31d983ee913530) Importer(815301076,1909f56bfc062723c751e8b465ee728b)
Start importing Assets/JJ_InteriorDoorPack_V1/Prefabs/jj_door_4_red.prefab using Guid(633cf74b7a917114ab31d983ee913530) Importer(815301076,1909f56bfc062723c751e8b465ee728b)  -> (artifact id: 'b0fc925435d46685a76c263b254d8464') in 0.040371 seconds
Number of updated asset objects reloaded before import = 0
Number of asset objects unloaded after import = 29
========================================================================
Received Import Request.
  Time since last request: 0.000053 seconds.
  path: Assets/JJ_InteriorDoorPack_V1/Prefabs/jj_door_4_white.prefab
  artifactKey: Guid(b571015d967a73b4cadb57317d7d0547) Importer(815301076,1909f56bfc062723c751e8b465ee728b)
Start importing Assets/JJ_InteriorDoorPack_V1/Prefabs/jj_door_4_white.prefab using Guid(b571015d967a73b4cadb57317d7d0547) Importer(815301076,1909f56bfc062723c751e8b465ee728b)  -> (artifact id: 'cf2a77c593ecfa24a20f7f5b5a0de845') in 0.041985 seconds
Number of updated asset objects reloaded before import = 0
Number of asset objects unloaded after import = 29
========================================================================
Received Import Request.
  Time since last request: 0.000023 seconds.
  path: Assets/JJ_InteriorDoorPack_V1/Prefabs/jj_door_2_white_weathered.prefab
  artifactKey: Guid(2eb487a1a7a52574b8137bb81207c94b) Importer(815301076,1909f56bfc062723c751e8b465ee728b)
Start importing Assets/JJ_InteriorDoorPack_V1/Prefabs/jj_door_2_white_weathered.prefab using Guid(2eb487a1a7a52574b8137bb81207c94b) Importer(815301076,1909f56bfc062723c751e8b465ee728b)  -> (artifact id: 'abbd58969af3a4c4d54aa94800af75a5') in 0.045320 seconds
Number of updated asset objects reloaded before import = 0
Number of asset objects unloaded after import = 29
========================================================================
Received Import Request.
  Time since last request: 0.000064 seconds.
  path: Assets/JJ_InteriorDoorPack_V1/Prefabs/jj_door_3_white.prefab
  artifactKey: Guid(1bbe2c604601fdb44b9e7eeec90773ef) Importer(815301076,1909f56bfc062723c751e8b465ee728b)
Start importing Assets/JJ_InteriorDoorPack_V1/Prefabs/jj_door_3_white.prefab using Guid(1bbe2c604601fdb44b9e7eeec90773ef) Importer(815301076,1909f56bfc062723c751e8b465ee728b)  -> (artifact id: '1b8811348187fc0ab44ecbb6d0d1d39e') in 0.046854 seconds
Number of updated asset objects reloaded before import = 0
Number of asset objects unloaded after import = 29
========================================================================
Received Import Request.
  Time since last request: 0.000021 seconds.
  path: Assets/JJ_InteriorDoorPack_V1/Prefabs/jj_door_1_white_weathered.prefab
  artifactKey: Guid(fc9fa88e094285f4e9420f756be3b68d) Importer(815301076,1909f56bfc062723c751e8b465ee728b)
Start importing Assets/JJ_InteriorDoorPack_V1/Prefabs/jj_door_1_white_weathered.prefab using Guid(fc9fa88e094285f4e9420f756be3b68d) Importer(815301076,1909f56bfc062723c751e8b465ee728b)  -> (artifact id: '67195a0d3b40fbd12bb369c0eaa9ad60') in 0.049835 seconds
Number of updated asset objects reloaded before import = 0
Number of asset objects unloaded after import = 29
========================================================================
Received Import Request.
  Time since last request: 0.000062 seconds.
  path: Assets/JJ_InteriorDoorPack_V1/Prefabs/jj_door_4_dark.prefab
  artifactKey: Guid(db9fb8bf112e6b0458147765e27fc54a) Importer(815301076,1909f56bfc062723c751e8b465ee728b)
Start importing Assets/JJ_InteriorDoorPack_V1/Prefabs/jj_door_4_dark.prefab using Guid(db9fb8bf112e6b0458147765e27fc54a) Importer(815301076,1909f56bfc062723c751e8b465ee728b)  -> (artifact id: 'fa7a36599627b5bbf25656f0ad5029a6') in 0.046583 seconds
Number of updated asset objects reloaded before import = 0
Number of asset objects unloaded after import = 29
========================================================================
Received Import Request.
  Time since last request: 128.101187 seconds.
  path: Assets/SpaceZeta_RusticSmallCabinet/Prefabs/Cabinet2.prefab
  artifactKey: Guid(76d24395981a982409c8774213c31bab) Importer(815301076,1909f56bfc062723c751e8b465ee728b)
Start importing Assets/SpaceZeta_RusticSmallCabinet/Prefabs/Cabinet2.prefab using Guid(76d24395981a982409c8774213c31bab) Importer(815301076,1909f56bfc062723c751e8b465ee728b)  -> (artifact id: '23b6827b1095f850cc751d963665502d') in 0.031396 seconds
Number of updated asset objects reloaded before import = 0
Number of asset objects unloaded after import = 12
========================================================================
Received Import Request.
  Time since last request: 0.000019 seconds.
  path: Assets/SpaceZeta_RusticSmallCabinet/Prefabs/Cabinet3.prefab
  artifactKey: Guid(d6f63ad3208cd914e9aa0a9b98f8f005) Importer(815301076,1909f56bfc062723c751e8b465ee728b)
Start importing Assets/SpaceZeta_RusticSmallCabinet/Prefabs/Cabinet3.prefab using Guid(d6f63ad3208cd914e9aa0a9b98f8f005) Importer(815301076,1909f56bfc062723c751e8b465ee728b)  -> (artifact id: '6329a412a70f8ea114d1db2db63d5a7b') in 0.027607 seconds
Number of updated asset objects reloaded before import = 0
Number of asset objects unloaded after import = 12
========================================================================
Received Import Request.
  Time since last request: 0.000018 seconds.
  path: Assets/SpaceZeta_RusticSmallCabinet/Prefabs/Cabinet4.prefab
  artifactKey: Guid(eab4fdf3f4062c7448629cf6df88ac65) Importer(815301076,1909f56bfc062723c751e8b465ee728b)
Start importing Assets/SpaceZeta_RusticSmallCabinet/Prefabs/Cabinet4.prefab using Guid(eab4fdf3f4062c7448629cf6df88ac65) Importer(815301076,1909f56bfc062723c751e8b465ee728b)  -> (artifact id: '1c27f2ddc24065e1803d7561c9c1f508') in 0.024179 seconds
Number of updated asset objects reloaded before import = 0
Number of asset objects unloaded after import = 12
